2020-02-04 13:17:41,511 [MainThread] [TF-ByScenario_s3LOfQ4b] [DEBUG] [37mcmdline args: Namespace(args_json="{'id':2}", ci='{}', count=1, is_debug=False, retry_time=0, scenario='demo_scenario')[0m
2020-02-04 13:17:41,512 [MainThread] [TF-ByScenario_s3LOfQ4b] [INFO] [32mæ‰§è¡Œæœºå™¨IP 172.16.40.6[0m
2020-02-04 13:17:41,512 [MainThread] [TF-ByScenario_s3LOfQ4b] [INFO] [32mè°ƒåº¦å™¨åŠ è½½ demo_scenario åœºæ™¯çš„æ‰§è¡Œç­–ç•¥ ...[0m
2020-02-04 13:17:41,513 [MainThread] [TF-ByScenario_s3LOfQ4b] [INFO] [32mè°ƒåº¦å™¨å¼€å§‹æ‰§è¡Œ demo_scenario åœºæ™¯çš„è„šæœ¬ ...[0m
2020-02-04 13:17:41,513 [MainThread] [TF-ByScenario_s3LOfQ4b] [DEBUG] [37mè°ƒåº¦å™¨å®ä¾‹çš„å±æ€§å‚æ•° {'ci': '{}', 'count': 1, 'id': 's3LOfQ4b', 'is_finish': False, 'is_pass': True, 'logger': <util.log.LogUtil object at 0x103dd8070>, 'result': '', 'retry': 0, 'scenario_name': 'demo_scenario', 'start': 1580793461.513081} ...[0m
2020-02-04 13:17:41,513 [MainThread] [TF-ByScenario_s3LOfQ4b] [INFO] [32mæ‰§è¡Œ demo_scenario åœºæ™¯æ„é€ ç¬¬1æ¬¡ ...[0m
2020-02-04 13:17:41,516 [MainThread] [TF-ByScenario_s3LOfQ4b] [DEBUG] [37måŠ è½½åœºæ™¯ç±» scenario.demo_scenario.DemoScenario[0m
2020-02-04 13:17:41,516 [MainThread] [TF-ByScenario_s3LOfQ4b] [INFO] [32måœºæ™¯ demoscenario é…ç½®ç­–ç•¥ ...[0m
2020-02-04 13:17:41,516 [MainThread] [TF-ByScenario_s3LOfQ4b] [DEBUG] [37måœºæ™¯ demoscenario é…ç½®å‚æ•°{'id': 2} ...[0m
2020-02-04 13:17:41,516 [MainThread] [TF-ByScenario_s3LOfQ4b] [DEBUG] [37måœºæ™¯ demoscenario moduleå‚æ•°('module1', 'module2') ...[0m
2020-02-04 13:17:41,516 [MainThread] [TF-ByScenario_s3LOfQ4b] [INFO] [32måœºæ™¯ demoscenario æ‰§è¡Œå¼€å§‹ ...[0m
2020-02-04 13:17:41,519 [MainThread] [TF-ByScenario_s3LOfQ4b] [DEBUG] [37måŠ è½½æ¨¡å—ç±»module.module1.Module1[0m
2020-02-04 13:17:41,520 [MainThread] [TF-ByScenario_s3LOfQ4b] [INFO] [32mæ¨¡å— module1 é…ç½®ç­–ç•¥ ...[0m
2020-02-04 13:17:41,520 [MainThread] [TF-ByScenario_s3LOfQ4b] [DEBUG] [37mæ¨¡å— module1 é…ç½®å‚æ•° {'id': 2} ...[0m
2020-02-04 13:17:41,520 [MainThread] [TF-ByScenario_s3LOfQ4b] [DEBUG] [37mæ¨¡å— module1 functionå‚æ•° ('test_action_a', 'test_action_b') ...[0m
2020-02-04 13:17:41,520 [MainThread] [TF-ByScenario_s3LOfQ4b] [DEBUG] [37mæ¨¡å—å®ä¾‹çš„å±æ€§å‚æ•° {'context_attr_list': ('id',), 'function_list': ('test_action_a', 'test_action_b'), 'id': 2, 'logger': <util.log.LogUtil object at 0x103dd8070>, 'module_args': {'id': 2}, 'order_id': 0} ...[0m
2020-02-04 13:17:41,520 [MainThread] [TF-ByScenario_s3LOfQ4b] [INFO] [32m----- å¼€å§‹æ‰§è¡Œ[Module1].test_action_a()[0m
2020-02-04 13:17:41,520 [MainThread] [TF-ByScenario_s3LOfQ4b] [INFO] [32må¤–éƒ¨ä¼ å‚id=2[0m
2020-02-04 13:17:41,520 [MainThread] [TF-ByScenario_s3LOfQ4b] [INFO] [32m----- æ‰§è¡Œç»“æŸ[Module1].test_action_a()ï¼Œè€—æ—¶ï¼š0.0(s)[0m
2020-02-04 13:17:41,520 [MainThread] [TF-ByScenario_s3LOfQ4b] [INFO] [32m----- å¼€å§‹æ‰§è¡Œ[Module1].test_action_b()[0m
2020-02-04 13:17:41,520 [MainThread] [TF-ByScenario_s3LOfQ4b] [INFO] [32m----- æ‰§è¡Œç»“æŸ[Module1].test_action_b()ï¼Œè€—æ—¶ï¼š0.0(s)[0m
2020-02-04 13:17:41,520 [MainThread] [TF-ByScenario_s3LOfQ4b] [DEBUG] [37mæ¨¡å—å®ä¾‹çš„å±æ€§å‚æ•° {'context_attr_list': ('id',), 'function_list': ('test_action_a', 'test_action_b'), 'id': 2, 'logger': <util.log.LogUtil object at 0x103dd8070>, 'module_args': {'id': 2}, 'order_id': 122} ...[0m
2020-02-04 13:17:41,522 [MainThread] [TF-ByScenario_s3LOfQ4b] [DEBUG] [37måŠ è½½æ¨¡å—ç±»module.module2.Module1[0m
2020-02-04 13:17:41,522 [MainThread] [TF-ByScenario_s3LOfQ4b] [INFO] [32mæ¨¡å— module1 é…ç½®ç­–ç•¥ ...[0m
2020-02-04 13:17:41,522 [MainThread] [TF-ByScenario_s3LOfQ4b] [DEBUG] [37mæ¨¡å— module1 é…ç½®å‚æ•° {'id': 2} ...[0m
2020-02-04 13:17:41,522 [MainThread] [TF-ByScenario_s3LOfQ4b] [DEBUG] [37mæ¨¡å— module1 functionå‚æ•° ('test_action_e',) ...[0m
2020-02-04 13:17:41,522 [MainThread] [TF-ByScenario_s3LOfQ4b] [DEBUG] [37mæ¨¡å—å®ä¾‹çš„å±æ€§å‚æ•° {'context_attr_list': ('id', 'order_id'), 'function_list': ('test_action_e',), 'id': 2, 'logger': <util.log.LogUtil object at 0x103dd8070>, 'module_args': {'id': 2}, 'order_id': 122} ...[0m
2020-02-04 13:17:41,522 [MainThread] [TF-ByScenario_s3LOfQ4b] [INFO] [32m----- å¼€å§‹æ‰§è¡Œ[Module1].test_action_e()[0m
2020-02-04 13:17:41,522 [MainThread] [TF-ByScenario_s3LOfQ4b] [INFO] [32mä¸Šæ–‡ä¼ é€’çš„order_id=122[0m
2020-02-04 13:17:41,522 [MainThread] [TF-ByScenario_s3LOfQ4b] [INFO] [32m----- æ‰§è¡Œç»“æŸ[Module1].test_action_e()ï¼Œè€—æ—¶ï¼š0.0(s)[0m
2020-02-04 13:17:41,522 [MainThread] [TF-ByScenario_s3LOfQ4b] [DEBUG] [37mæ¨¡å—å®ä¾‹çš„å±æ€§å‚æ•° {'context_attr_list': ('id', 'order_id'), 'function_list': ('test_action_e',), 'id': 2, 'logger': <util.log.LogUtil object at 0x103dd8070>, 'module_args': {'id': 2}, 'order_id': 122} ...[0m
2020-02-04 13:17:41,522 [MainThread] [TF-ByScenario_s3LOfQ4b] [INFO] [32måœºæ™¯ demoscenario æ‰§è¡Œç»“æŸ, æ‰§è¡Œç»“æŸï¼Œè€—æ—¶:0.01(s)[0m
2020-02-04 13:17:41,523 [MainThread] [TF-ByScenario_s3LOfQ4b] [INFO] [32måœºæ™¯ demoscenario è‡ªæ£€ç¨‹åºæˆåŠŸ ...[0m
2020-02-04 13:17:43,527 [MainThread] [TF-ByScenario_s3LOfQ4b] [INFO] [32mè°ƒåº¦å™¨ä¸ŠæŠ¥ç»“æœ ç»“æœ 
(1) å¤„ç†è®¢å•ID=122æ•°æ®æ­£å¸¸ ... ...[0m
